<?xml version="1.0" encoding="UTF-8"?>
<!-- Generated by org.testng.reporters.JUnitReportReporter -->
<testsuite hostname="Chandroo" failures="0" tests="2" name="Test.LoginPageTest" time="0.001" errors="0" timestamp="2025-10-27T15:31:27 IST" skipped="2">
  <testcase classname="Test.LoginPageTest" name="verifyLoginWithInvalidCredentials" time="0.001">
    <skipped/>
  </testcase> <!-- verifyLoginWithInvalidCredentials -->
  <testcase classname="Test.LoginPageTest" name="verifyLoginWithValidCredentials" time="0.000">
    <skipped/>
  </testcase> <!-- verifyLoginWithValidCredentials -->
</testsuite> <!-- Test.LoginPageTest -->
