<?xml version="1.0" encoding="UTF-8"?>
<!-- Generated by org.testng.reporters.JUnitReportReporter -->
<testsuite hostname="Chandroo" failures="0" tests="1" name="Test.TransferFundPageTest" time="1.685" errors="0" timestamp="2025-09-21T02:51:22 IST" skipped="0">
  <testcase classname="Test.TransferFundPageTest" name="transferFundsPageTest" time="1.685"/>
</testsuite> <!-- Test.TransferFundPageTest -->
