<?xml version="1.0" encoding="UTF-8"?>
<!-- Generated by org.testng.reporters.JUnitReportReporter -->
<testsuite hostname="Chandroo" failures="0" tests="1" name="Test.RegisterPageTest" time="1.964" errors="0" timestamp="2025-09-21T02:51:22 IST" skipped="0">
  <testcase classname="Test.RegisterPageTest" name="RegistrationProcessTest" time="1.964"/>
</testsuite> <!-- Test.RegisterPageTest -->
