<?xml version="1.0" encoding="UTF-8"?>
<!-- Generated by org.testng.reporters.JUnitReportReporter -->
<testsuite hostname="Chandroo" failures="0" tests="2" name="Test.LoginPageTest" time="0.605" errors="0" timestamp="2025-09-21T02:51:22 IST" skipped="0">
  <testcase classname="Test.LoginPageTest" name="verifyLoginWithInvalidCredentials" time="0.496"/>
  <testcase classname="Test.LoginPageTest" name="verifyLoginWithValidCredentials" time="0.109"/>
</testsuite> <!-- Test.LoginPageTest -->
