<?xml version="1.0" encoding="UTF-8"?>
<!-- Generated by org.testng.reporters.JUnitReportReporter -->
<testsuite hostname="Chandroo" failures="0" tests="1" name="stepDefinitions.LoginPageTest" time="5.718" errors="0" timestamp="2025-09-18T01:09:57 IST" skipped="0">
  <testcase classname="stepDefinitions.LoginPageTest" name="verifyLogin" time="5.718"/>
</testsuite> <!-- stepDefinitions.LoginPageTest -->
