<?xml version="1.0" encoding="UTF-8"?>
<!-- Generated by org.testng.reporters.JUnitReportReporter -->
<testsuite hostname="Chandroo" failures="0" tests="1" name="Test.TransferFundPageTest" time="1.480" errors="0" timestamp="2025-10-06T00:35:50 IST" skipped="0">
  <testcase classname="Test.TransferFundPageTest" name="transferFundsPageTest" time="1.480"/>
</testsuite> <!-- Test.TransferFundPageTest -->
