<?xml version="1.0" encoding="UTF-8"?>
<!-- Generated by org.testng.reporters.JUnitReportReporter -->
<testsuite hostname="Chandroo" failures="0" tests="2" name="Test.LoginPageTest" time="2.560" errors="0" timestamp="2025-10-06T00:35:50 IST" skipped="0">
  <testcase classname="Test.LoginPageTest" name="verifyLoginWithInvalidCredentials" time="0.801"/>
  <testcase classname="Test.LoginPageTest" name="verifyLoginWithValidCredentials" time="1.759"/>
</testsuite> <!-- Test.LoginPageTest -->
