<?xml version="1.0" encoding="UTF-8"?>
<!-- Generated by org.testng.reporters.JUnitReportReporter -->
<testsuite hostname="Chandroo" failures="0" tests="1" name="Test.TransferFundPageTest" time="0.000" errors="0" timestamp="2025-10-27T15:31:27 IST" skipped="1">
  <testcase classname="Test.TransferFundPageTest" name="transferFundsPageTest" time="0.000">
    <skipped/>
  </testcase> <!-- transferFundsPageTest -->
</testsuite> <!-- Test.TransferFundPageTest -->
