<?xml version="1.0" encoding="UTF-8"?>
<!-- Generated by org.testng.reporters.JUnitReportReporter -->
<testsuite hostname="Chandroo" failures="0" tests="1" name="Test.RegisterPageTest" time="2.744" errors="0" timestamp="2025-10-14T20:29:51 IST" skipped="0">
  <testcase classname="Test.RegisterPageTest" name="RegistrationProcessTest" time="2.744"/>
</testsuite> <!-- Test.RegisterPageTest -->
